[INFO] NOOP_HOME: /home/chooaa/work/BMCFuzz/rtl/boom-modules
[INFO] 中间文件目录: /home/chooaa/work/BMCFuzz/rtl/boom-modules/tmp
[INFO] 解析 YAML: SimTop.yaml
[INFO] 共解析 274 个模块定义

======================================================================
SimTop 完整模块实例化树
======================================================================
SimTop
├── ExampleSimSystem (ldut)
│   ├── ClockGroupAggregator_aggregator (aggregator)
│   ├── SystemBus (sbus)
│   │   ├── ClockGroupAggregator_sbus (sbus_clock_groups)
│   │   ├── ClockGroup (clockGroup)
│   │   ├── FixedClockBroadcast_3 (fixedClockNode)
│   │   ├── TLXbar_sbus_i1_o2_a32d64s4k2z3c (system_bus_xbar)
│   │   ├── TLFIFOFixer (fixer)
│   │   ├── TLInterconnectCoupler_sbus_to_bus_named_cbus (coupler_to_bus_named_cbus)
│   │   │   └── TLWidthWidget8 (widget)
│   │   ├── TLInterconnectCoupler_sbus_to_bus_named_coh (coupler_to_bus_named_coh)
│   │   │   └── TLWidthWidget8_2 (widget)
│   │   └── TLInterconnectCoupler_sbus_from_boom_tile (coupler_from_boom_tile)
│   ├── PeripheryBus_pbus (pbus)
│   │   ├── ClockGroupAggregator_pbus (pbus_clock_groups)
│   │   ├── ClockGroup_1 (clockGroup)
│   │   └── FixedClockBroadcast_1 (fixedClockNode)
│   ├── FrontBus (fbus)
│   │   ├── ClockGroupAggregator_fbus (fbus_clock_groups)
│   │   ├── ClockGroup_2 (clockGroup)
│   │   └── FixedClockBroadcast_1 (fixedClockNode)
│   ├── PeripheryBus_cbus (cbus)
│   │   ├── ClockGroupAggregator_cbus (cbus_clock_groups)
│   │   ├── ClockGroup_3 (clockGroup)
│   │   ├── FixedClockBroadcast_4 (fixedClockNode)
│   │   ├── TLFIFOFixer_2 (fixer)
│   │   ├── TLXbar_cbus_in_i1_o1_a29d64s4k1z3u (in_xbar)
│   │   ├── TLXbar_cbus_out_i1_o3_a29d64s4k1z3u (out_xbar)
│   │   ├── TLBuffer_a29d64s4k1z3u (buffer)
│   │   │   ├── Queue (nodeOut_a_q)
│   │   │   └── Queue_1 (nodeIn_d_q)
│   │   ├── TLAtomicAutomata_cbus (atomics)
│   │   ├── TLBuffer_a29d64s4k1z3u_1 (buffer_1)
│   │   ├── TLInterconnectCoupler_cbus_to_clint (coupler_to_clint)
│   │   │   └── TLFragmenter_CLINT (fragmenter)
│   │   │       └── Repeater_TLBundleA_a26d64s4k1z3u (repeater)
│   │   ├── TLInterconnectCoupler_cbus_to_plic (coupler_to_plic)
│   │   │   └── TLFragmenter_PLIC (fragmenter)
│   │   │       └── Repeater_TLBundleA_a28d64s4k1z3u (repeater)
│   │   └── TLInterconnectCoupler_cbus_to_bootrom (coupler_to_bootrom)
│   │       └── TLFragmenter_BootROM (fragmenter)
│   │           └── Repeater_TLBundleA_a29d64s4k1z3u (repeater)
│   ├── MemoryBus (mbus)
│   │   ├── ClockGroupAggregator_mbus (mbus_clock_groups)
│   │   ├── ClockGroup_4 (clockGroup)
│   │   ├── FixedClockBroadcast_1 (fixedClockNode)
│   │   ├── TLXbar_mbus_i1_o1_a32d64s6k1z3u (mbus_xbar)
│   │   ├── TLFIFOFixer_3 (fixer)
│   │   ├── ProbePicker (picker)
│   │   ├── TLBuffer_a32d64s6k1z3u (buffer)
│   │   ├── TLXbar_mbus_i1_o1_a32d64s6k1z3u (xbar)
│   │   └── TLInterconnectCoupler_mbus_to_memory_controller_port_named_axi4 (coupler_to_memory_controller_port_named_axi4)
│   │       ├── AXI4UserYanker (axi4yank)
│   │       │   ├── Queue_2 (Queue)
│   │       │   ├── Queue_2 (Queue_1)
│   │       │   ├── Queue_2 (Queue_2)
│   │       │   ├── Queue_2 (Queue_3)
│   │       │   ├── Queue_2 (Queue_4)
│   │       │   ├── Queue_2 (Queue_5)
│   │       │   ├── Queue_2 (Queue_6)
│   │       │   ├── Queue_2 (Queue_7)
│   │       │   ├── Queue_2 (Queue_8)
│   │       │   ├── Queue_2 (Queue_9)
│   │       │   ├── Queue_2 (Queue_10)
│   │       │   ├── Queue_2 (Queue_11)
│   │       │   ├── Queue_2 (Queue_12)
│   │       │   ├── Queue_2 (Queue_13)
│   │       │   ├── Queue_2 (Queue_14)
│   │       │   ├── Queue_2 (Queue_15)
│   │       │   ├── Queue_2 (Queue_16)
│   │       │   ├── Queue_2 (Queue_17)
│   │       │   ├── Queue_2 (Queue_18)
│   │       │   ├── Queue_2 (Queue_19)
│   │       │   ├── Queue_2 (Queue_20)
│   │       │   ├── Queue_2 (Queue_21)
│   │       │   ├── Queue_2 (Queue_22)
│   │       │   ├── Queue_2 (Queue_23)
│   │       │   ├── Queue_2 (Queue_24)
│   │       │   ├── Queue_2 (Queue_25)
│   │       │   ├── Queue_2 (Queue_26)
│   │       │   ├── Queue_2 (Queue_27)
│   │       │   ├── Queue_2 (Queue_28)
│   │       │   ├── Queue_2 (Queue_29)
│   │       │   ├── Queue_2 (Queue_30)
│   │       │   └── Queue_2 (Queue_31)
│   │       ├── AXI4IdIndexer (axi4index)
│   │       ├── TLToAXI4 (tl2axi4)
│   │       │   ├── Queue_34 (nodeOut_w_deq_q)
│   │       │   └── Queue_35 (queue_arw_deq_q)
│   │       └── TLWidthWidget8_5 (widget)
│   ├── CoherenceManagerWrapper (coh_wrapper)
│   │   ├── ClockGroupAggregator_coh (coh_clock_groups)
│   │   ├── ClockGroup_5 (clockGroup)
│   │   ├── FixedClockBroadcast_1 (fixedClockNode)
│   │   ├── TLBroadcast (broadcast_1)
│   │   │   ├── BroadcastFilter (filter)
│   │   │   ├── TLBroadcastTracker (TLBroadcastTracker)
│   │   │   │   └── Queue_36 (o_data_q)
│   │   │   ├── TLBroadcastTracker_1 (TLBroadcastTracker_1)
│   │   │   │   └── Queue_36 (o_data_q)
│   │   │   ├── TLBroadcastTracker_2 (TLBroadcastTracker_2)
│   │   │   │   └── Queue_36 (o_data_q)
│   │   │   └── TLBroadcastTracker_3 (TLBroadcastTracker_3)
│   │   │       └── Queue_36 (o_data_q)
│   │   ├── TLJbar (coherent_jbar)
│   │   ├── ProbePicker (binder)
│   │   └── TLInterconnectCoupler_coh_to_bus_named_mbus (coupler_to_bus_named_mbus)
│   │       └── TLWidthWidget8_5 (widget)
│   ├── TilePRCIDomain (tile_prci_domain)
│   │   ├── HierarchicalElementResetDomain (element_reset_domain)
│   │   │   └── BoomTile (boom_tile)
│   │   │       ├── TLXbar_MasterXbar_BoomTile_i2_o1_a32d64s4k2z3c (tlMasterXbar)
│   │   │       ├── IntXbar_i4_o1 (intXbar)
│   │   │       ├── BundleBridgeNexus_6 (broadcast)
│   │   │       ├── TLWidthWidget16 (widget)
│   │   │       │   ├── Repeater_TLBundleA_a32d128s3k2z3c (repeated_repeater)
│   │   │       │   └── Repeater_TLBundleC_a32d128s3k2z3c (repeated_repeater_1)
│   │   │       ├── BoomNonBlockingDCache (dcache)
│   │   │       │   ├── BoomWritebackUnit (wb)
│   │   │       │   ├── BoomProbeUnit (prober)
│   │   │       │   ├── BoomMSHRFile (mshrs)
│   │   │       │   │   ├── Arbiter (lb_read_arb)
│   │   │       │   │   ├── Arbiter_1 (lb_write_arb)
│   │   │       │   │   ├── Arbiter_2 (meta_write_arb)
│   │   │       │   │   ├── Arbiter_3 (meta_read_arb)
│   │   │       │   │   ├── Arbiter_4 (wb_req_arb)
│   │   │       │   │   ├── Arbiter_5 (replay_arb)
│   │   │       │   │   ├── Arbiter_6 (resp_arb)
│   │   │       │   │   ├── Arbiter_7 (refill_arb)
│   │   │       │   │   ├── BoomMSHR (mshrs_0)
│   │   │       │   │   │   └── BranchKillableQueue (rpq)
│   │   │       │   │   ├── BoomMSHR (mshrs_1)
│   │   │       │   │   │   └── BranchKillableQueue (rpq)
│   │   │       │   │   ├── BoomMSHR (mshrs_2)
│   │   │       │   │   │   └── BranchKillableQueue (rpq)
│   │   │       │   │   ├── BoomMSHR (mshrs_3)
│   │   │       │   │   │   └── BranchKillableQueue (rpq)
│   │   │       │   │   ├── Arbiter_8 (mmio_alloc_arb)
│   │   │       │   │   ├── BoomIOMSHR (mmios_0)
│   │   │       │   │   └── BranchKillableQueue_4 (respq)
│   │   │       │   ├── L1MetadataArray (meta_0)
│   │   │       │   ├── Arbiter_9 (metaWriteArb)
│   │   │       │   ├── Arbiter_10 (metaReadArb)
│   │   │       │   ├── BoomDuplicatedDataArray (data)
│   │   │       │   ├── Arbiter_11 (dataWriteArb)
│   │   │       │   ├── Arbiter_12 (dataReadArb)
│   │   │       │   ├── DelayReg (difftest_delayer)
│   │   │       │   ├── DummyDPICWrapper (difftest_module)
│   │   │       │   │   └── DifftestLrScEvent (dpic)
│   │   │       │   ├── MaxPeriodFibonacciLFSR (lfsr_prng)
│   │   │       │   ├── Arbiter_13 (wbArb)
│   │   │       │   ├── Arbiter_14 (lsu_release_arb)
│   │   │       │   └── AMOALU (amoalu)
│   │   │       ├── BoomFrontend (frontend)
│   │   │       │   ├── ICache (icache)
│   │   │       │   │   └── MaxPeriodFibonacciLFSR (repl_way_prng)
│   │   │       │   ├── BranchPredictor (bpd)
│   │   │       │   │   ├── ComposedBranchPredictorBank (banked_predictors_0)
│   │   │       │   │   │   ├── LoopBranchPredictorBank (loop)
│   │   │       │   │   │   │   ├── LoopBranchPredictorColumn (columns_0)
│   │   │       │   │   │   │   ├── LoopBranchPredictorColumn (columns_1)
│   │   │       │   │   │   │   ├── LoopBranchPredictorColumn (columns_2)
│   │   │       │   │   │   │   └── LoopBranchPredictorColumn (columns_3)
│   │   │       │   │   │   ├── TageBranchPredictorBank (tage)
│   │   │       │   │   │   │   ├── TageTable (t)
│   │   │       │   │   │   │   ├── TageTable_1 (t_1)
│   │   │       │   │   │   │   ├── TageTable_2 (t_2)
│   │   │       │   │   │   │   ├── TageTable_3 (t_3)
│   │   │       │   │   │   │   ├── TageTable_4 (t_4)
│   │   │       │   │   │   │   ├── TageTable_5 (t_5)
│   │   │       │   │   │   │   ├── MaxPeriodFibonacciLFSR_2 (alloc_lfsr_prng)
│   │   │       │   │   │   │   ├── MaxPeriodFibonacciLFSR_2 (alloc_lfsr_prng_1)
│   │   │       │   │   │   │   ├── MaxPeriodFibonacciLFSR_2 (alloc_lfsr_prng_2)
│   │   │       │   │   │   │   └── MaxPeriodFibonacciLFSR_2 (alloc_lfsr_prng_3)
│   │   │       │   │   │   ├── BTBBranchPredictorBank (btb)
│   │   │       │   │   │   ├── BIMBranchPredictorBank (bim)
│   │   │       │   │   │   └── FAMicroBTBBranchPredictorBank (ubtb)
│   │   │       │   │   └── ComposedBranchPredictorBank (banked_predictors_1)
│   │   │       │   │       ├── LoopBranchPredictorBank (loop)
│   │   │       │   │       │   ├── LoopBranchPredictorColumn (columns_0)
│   │   │       │   │       │   ├── LoopBranchPredictorColumn (columns_1)
│   │   │       │   │       │   ├── LoopBranchPredictorColumn (columns_2)
│   │   │       │   │       │   └── LoopBranchPredictorColumn (columns_3)
│   │   │       │   │       ├── TageBranchPredictorBank (tage)
│   │   │       │   │       │   ├── TageTable (t)
│   │   │       │   │       │   ├── TageTable_1 (t_1)
│   │   │       │   │       │   ├── TageTable_2 (t_2)
│   │   │       │   │       │   ├── TageTable_3 (t_3)
│   │   │       │   │       │   ├── TageTable_4 (t_4)
│   │   │       │   │       │   ├── TageTable_5 (t_5)
│   │   │       │   │       │   ├── MaxPeriodFibonacciLFSR_2 (alloc_lfsr_prng)
│   │   │       │   │       │   ├── MaxPeriodFibonacciLFSR_2 (alloc_lfsr_prng_1)
│   │   │       │   │       │   ├── MaxPeriodFibonacciLFSR_2 (alloc_lfsr_prng_2)
│   │   │       │   │       │   └── MaxPeriodFibonacciLFSR_2 (alloc_lfsr_prng_3)
│   │   │       │   │       ├── BTBBranchPredictorBank (btb)
│   │   │       │   │       ├── BIMBranchPredictorBank (bim)
│   │   │       │   │       └── FAMicroBTBBranchPredictorBank (ubtb)
│   │   │       │   ├── BoomRAS (ras)
│   │   │       │   ├── ITLB (tlb)
│   │   │       │   │   ├── OptimizationBarrier_TLBEntryData (mpu_ppn_barrier)
│   │   │       │   │   ├── PMAChecker (pma)
│   │   │       │   │   ├── OptimizationBarrier_TLBEntryData (entries_barrier)
│   │   │       │   │   ├── OptimizationBarrier_TLBEntryData (entries_barrier_1)
│   │   │       │   │   ├── OptimizationBarrier_TLBEntryData (entries_barrier_2)
│   │   │       │   │   ├── OptimizationBarrier_TLBEntryData (entries_barrier_3)
│   │   │       │   │   ├── OptimizationBarrier_TLBEntryData (entries_barrier_4)
│   │   │       │   │   ├── OptimizationBarrier_TLBEntryData (entries_barrier_5)
│   │   │       │   │   ├── OptimizationBarrier_TLBEntryData (entries_barrier_6)
│   │   │       │   │   ├── OptimizationBarrier_TLBEntryData (entries_barrier_7)
│   │   │       │   │   ├── OptimizationBarrier_TLBEntryData (entries_barrier_8)
│   │   │       │   │   └── OptimizationBarrier_TLBEntryData (entries_barrier_9)
│   │   │       │   ├── Queue_40 (f3)
│   │   │       │   ├── Queue_41 (f3_bpd_resp)
│   │   │       │   ├── RVCExpander (exp_inst0_rvc_exp)
│   │   │       │   ├── RVCExpander (exp_inst1_rvc_exp)
│   │   │       │   ├── BranchDecode (bpd_decoder0)
│   │   │       │   ├── BranchDecode (bpd_decoder1)
│   │   │       │   ├── RVCExpander (exp_inst_rvc_exp)
│   │   │       │   ├── BranchDecode (bpd_decoder)
│   │   │       │   ├── RVCExpander (exp_inst_rvc_exp_1)
│   │   │       │   ├── BranchDecode (bpd_decoder_1)
│   │   │       │   ├── RVCExpander (exp_inst_rvc_exp_2)
│   │   │       │   ├── BranchDecode (bpd_decoder_2)
│   │   │       │   ├── RVCExpander (exp_inst0_rvc_exp_1)
│   │   │       │   ├── RVCExpander (exp_inst1_rvc_exp_1)
│   │   │       │   ├── BranchDecode (bpd_decoder0_1)
│   │   │       │   ├── BranchDecode (bpd_decoder1_1)
│   │   │       │   ├── RVCExpander (exp_inst0b_rvc_exp)
│   │   │       │   ├── BranchDecode (bpd_decoder0b)
│   │   │       │   ├── RVCExpander (exp_inst_rvc_exp_3)
│   │   │       │   ├── BranchDecode (bpd_decoder_3)
│   │   │       │   ├── RVCExpander (exp_inst_rvc_exp_4)
│   │   │       │   ├── BranchDecode (bpd_decoder_4)
│   │   │       │   ├── RVCExpander (exp_inst_rvc_exp_5)
│   │   │       │   ├── BranchDecode (bpd_decoder_5)
│   │   │       │   ├── Queue_42 (f4_btb_corrections)
│   │   │       │   ├── Queue_43 (f4)
│   │   │       │   ├── FetchBuffer (fb)
│   │   │       │   ├── FetchTargetQueue (ftq)
│   │   │       │   └── Arbiter_15 (bpd_update_arbiter)
│   │   │       ├── TLWidthWidget16_1 (widget_1)
│   │   │       │   └── Repeater_TLBundleA_a32d128s1k2z3u (repeated_repeater)
│   │   │       ├── TLBuffer_a32d64s4k2z3c (buffer)
│   │   │       ├── BoomCore (core)
│   │   │       │   ├── ALUExeUnit (memExeUnit)
│   │   │       │   │   └── MemAddrCalcUnit (maddrcalc)
│   │   │       │   ├── ALUExeUnit_1 (alu_exe_unit)
│   │   │       │   │   ├── ALUUnit (ALUUnit)
│   │   │       │   │   │   └── ALU (alu)
│   │   │       │   │   └── DivUnit (DivUnit)
│   │   │       │   │       └── MulDiv (div)
│   │   │       │   ├── ALUExeUnit_2 (alu_exe_unit_1)
│   │   │       │   │   ├── ALUUnit_1 (ALUUnit)
│   │   │       │   │   │   └── ALU (alu)
│   │   │       │   │   ├── IntToFPUnit (IntToFPUnit)
│   │   │       │   │   │   ├── UOPCodeFPUDecoder (fp_decoder)
│   │   │       │   │   │   └── IntToFP (ifpu)
│   │   │       │   │   │       ├── INToRecFN (i2f)
│   │   │       │   │   │       │   └── RoundAnyRawFNToRecFN (roundAnyRawFNToRecFN)
│   │   │       │   │   │       └── INToRecFN_1 (i2f_1)
│   │   │       │   │   │           └── RoundAnyRawFNToRecFN_1 (roundAnyRawFNToRecFN)
│   │   │       │   │   └── BranchKillableQueue_5 (queue)
│   │   │       │   ├── ALUExeUnit_3 (alu_exe_unit_2)
│   │   │       │   │   ├── ALUUnit_2 (ALUUnit)
│   │   │       │   │   │   └── ALU (alu)
│   │   │       │   │   └── PipelinedMulUnit (PipelinedMulUnit)
│   │   │       │   │       └── PipelinedMultiplier (imul)
│   │   │       │   ├── FpPipeline (FpPipeline)
│   │   │       │   │   ├── FPUExeUnit (fpu_exe_unit)
│   │   │       │   │   │   ├── FPUUnit (FPUUnit)
│   │   │       │   │   │   │   └── FPU (fpu)
│   │   │       │   │   │   │       ├── UOPCodeFPUDecoder (fp_decoder)
│   │   │       │   │   │   │       ├── FPUFMAPipe_l4_f64 (dfma)
│   │   │       │   │   │   │       │   └── MulAddRecFNPipe_l2_e11_s53 (fma)
│   │   │       │   │   │   │       │       ├── MulAddRecFNToRaw_preMul (mulAddRecFNToRaw_preMul)
│   │   │       │   │   │   │       │       ├── MulAddRecFNToRaw_postMul (mulAddRecFNToRaw_postMul)
│   │   │       │   │   │   │       │       └── RoundRawFNToRecFN (roundRawFNToRecFN)
│   │   │       │   │   │   │       │           └── RoundAnyRawFNToRecFN_2 (roundAnyRawFNToRecFN)
│   │   │       │   │   │   │       ├── FMADecoder (dfma_io_in_bits_fma_decoder)
│   │   │       │   │   │   │       ├── FPUFMAPipe_l4_f32 (sfma)
│   │   │       │   │   │   │       │   └── MulAddRecFNPipe_l2_e8_s24 (fma)
│   │   │       │   │   │   │       │       ├── MulAddRecFNToRaw_preMul_1 (mulAddRecFNToRaw_preMul)
│   │   │       │   │   │   │       │       ├── MulAddRecFNToRaw_postMul_1 (mulAddRecFNToRaw_postMul)
│   │   │       │   │   │   │       │       └── RoundRawFNToRecFN_1 (roundRawFNToRecFN)
│   │   │       │   │   │   │       │           └── RoundAnyRawFNToRecFN_3 (roundAnyRawFNToRecFN)
│   │   │       │   │   │   │       ├── FMADecoder (sfma_io_in_bits_fma_decoder)
│   │   │       │   │   │   │       ├── FPToInt (fpiu)
│   │   │       │   │   │   │       │   ├── CompareRecFN (dcmp)
│   │   │       │   │   │   │       │   ├── RecFNToIN (conv)
│   │   │       │   │   │   │       │   └── RecFNToIN_1 (narrow)
│   │   │       │   │   │   │       ├── FMADecoder (fpiu_io_in_bits_fma_decoder)
│   │   │       │   │   │   │       └── FPToFP (fpmu)
│   │   │       │   │   │   │           └── RecFNToRecFN (narrower)
│   │   │       │   │   │   │               └── RoundAnyRawFNToRecFN_4 (roundAnyRawFNToRecFN)
│   │   │       │   │   │   ├── FDivSqrtUnit (FDivSqrtUnit)
│   │   │       │   │   │   │   ├── UOPCodeFDivDecoder (fdiv_decoder)
│   │   │       │   │   │   │   ├── RecFNToRecFN_1 (in1_upconvert_s2d)
│   │   │       │   │   │   │   │   └── RoundAnyRawFNToRecFN_5 (roundAnyRawFNToRecFN)
│   │   │       │   │   │   │   ├── RecFNToRecFN_1 (in2_upconvert_s2d)
│   │   │       │   │   │   │   │   └── RoundAnyRawFNToRecFN_5 (roundAnyRawFNToRecFN)
│   │   │       │   │   │   │   ├── DivSqrtRecF64 (divsqrt)
│   │   │       │   │   │   │   │   ├── DivSqrtRecF64_mulAddZ31 (ds)
│   │   │       │   │   │   │   │   │   ├── DivSqrtRecF64ToRaw_mulAddZ31 (divSqrtRecF64ToRaw)
│   │   │       │   │   │   │   │   │   └── RoundRawFNToRecFN_2 (roundRawFNToRecFN)
│   │   │       │   │   │   │   │   │       └── RoundAnyRawFNToRecFN_7 (roundAnyRawFNToRecFN)
│   │   │       │   │   │   │   │   └── Mul54 (mul)
│   │   │       │   │   │   │   └── RecFNToRecFN (downvert_d2s)
│   │   │       │   │   │   │       └── RoundAnyRawFNToRecFN_4 (roundAnyRawFNToRecFN)
│   │   │       │   │   │   ├── BranchKillableQueue_6 (queue)
│   │   │       │   │   │   ├── BranchKillableQueue_7 (fp_sdq)
│   │   │       │   │   │   └── Arbiter_16 (resp_arb)
│   │   │       │   │   ├── IssueUnitCollapsing (fp_issue_unit)
│   │   │       │   │   │   ├── IssueSlot (slots_0)
│   │   │       │   │   │   ├── IssueSlot (slots_1)
│   │   │       │   │   │   ├── IssueSlot (slots_2)
│   │   │       │   │   │   ├── IssueSlot (slots_3)
│   │   │       │   │   │   ├── IssueSlot (slots_4)
│   │   │       │   │   │   ├── IssueSlot (slots_5)
│   │   │       │   │   │   ├── IssueSlot (slots_6)
│   │   │       │   │   │   ├── IssueSlot (slots_7)
│   │   │       │   │   │   ├── IssueSlot (slots_8)
│   │   │       │   │   │   ├── IssueSlot (slots_9)
│   │   │       │   │   │   ├── IssueSlot (slots_10)
│   │   │       │   │   │   ├── IssueSlot (slots_11)
│   │   │       │   │   │   ├── IssueSlot (slots_12)
│   │   │       │   │   │   ├── IssueSlot (slots_13)
│   │   │       │   │   │   ├── IssueSlot (slots_14)
│   │   │       │   │   │   ├── IssueSlot (slots_15)
│   │   │       │   │   │   ├── IssueSlot (slots_16)
│   │   │       │   │   │   ├── IssueSlot (slots_17)
│   │   │       │   │   │   ├── IssueSlot (slots_18)
│   │   │       │   │   │   ├── IssueSlot (slots_19)
│   │   │       │   │   │   ├── IssueSlot (slots_20)
│   │   │       │   │   │   ├── IssueSlot (slots_21)
│   │   │       │   │   │   ├── IssueSlot (slots_22)
│   │   │       │   │   │   └── IssueSlot (slots_23)
│   │   │       │   │   ├── RegisterFileSynthesizable (fregfile)
│   │   │       │   │   ├── RegisterRead (fregister_read)
│   │   │       │   │   │   └── RegisterReadDecode (rrd_decode_unit)
│   │   │       │   │   └── Arbiter_16 (ll_wbarb)
│   │   │       │   ├── DecodeUnit (decode_units_0)
│   │   │       │   ├── DecodeUnit (decode_units_1)
│   │   │       │   ├── DecodeUnit (decode_units_2)
│   │   │       │   ├── BranchMaskGenerationLogic (dec_brmask_logic)
│   │   │       │   ├── RenameStage (rename_stage)
│   │   │       │   │   ├── RenameMapTable (maptable)
│   │   │       │   │   ├── RenameFreeList (freelist)
│   │   │       │   │   └── RenameBusyTable (busytable)
│   │   │       │   ├── RenameStage_1 (fp_rename_stage)
│   │   │       │   │   ├── RenameMapTable_1 (maptable)
│   │   │       │   │   ├── RenameFreeList_1 (freelist)
│   │   │       │   │   └── RenameBusyTable_1 (busytable)
│   │   │       │   ├── IssueUnitCollapsing_1 (mem_issue_unit)
│   │   │       │   │   ├── IssueSlot_24 (slots_0)
│   │   │       │   │   ├── IssueSlot_24 (slots_1)
│   │   │       │   │   ├── IssueSlot_24 (slots_2)
│   │   │       │   │   ├── IssueSlot_24 (slots_3)
│   │   │       │   │   ├── IssueSlot_24 (slots_4)
│   │   │       │   │   ├── IssueSlot_24 (slots_5)
│   │   │       │   │   ├── IssueSlot_24 (slots_6)
│   │   │       │   │   ├── IssueSlot_24 (slots_7)
│   │   │       │   │   ├── IssueSlot_24 (slots_8)
│   │   │       │   │   ├── IssueSlot_24 (slots_9)
│   │   │       │   │   ├── IssueSlot_24 (slots_10)
│   │   │       │   │   ├── IssueSlot_24 (slots_11)
│   │   │       │   │   ├── IssueSlot_24 (slots_12)
│   │   │       │   │   ├── IssueSlot_24 (slots_13)
│   │   │       │   │   ├── IssueSlot_24 (slots_14)
│   │   │       │   │   └── IssueSlot_24 (slots_15)
│   │   │       │   ├── IssueUnitCollapsing_2 (int_issue_unit)
│   │   │       │   │   ├── IssueSlot_24 (slots_0)
│   │   │       │   │   ├── IssueSlot_24 (slots_1)
│   │   │       │   │   ├── IssueSlot_24 (slots_2)
│   │   │       │   │   ├── IssueSlot_24 (slots_3)
│   │   │       │   │   ├── IssueSlot_24 (slots_4)
│   │   │       │   │   ├── IssueSlot_24 (slots_5)
│   │   │       │   │   ├── IssueSlot_24 (slots_6)
│   │   │       │   │   ├── IssueSlot_24 (slots_7)
│   │   │       │   │   ├── IssueSlot_24 (slots_8)
│   │   │       │   │   ├── IssueSlot_24 (slots_9)
│   │   │       │   │   ├── IssueSlot_24 (slots_10)
│   │   │       │   │   ├── IssueSlot_24 (slots_11)
│   │   │       │   │   ├── IssueSlot_24 (slots_12)
│   │   │       │   │   ├── IssueSlot_24 (slots_13)
│   │   │       │   │   ├── IssueSlot_24 (slots_14)
│   │   │       │   │   ├── IssueSlot_24 (slots_15)
│   │   │       │   │   ├── IssueSlot_24 (slots_16)
│   │   │       │   │   ├── IssueSlot_24 (slots_17)
│   │   │       │   │   ├── IssueSlot_24 (slots_18)
│   │   │       │   │   ├── IssueSlot_24 (slots_19)
│   │   │       │   │   ├── IssueSlot_24 (slots_20)
│   │   │       │   │   ├── IssueSlot_24 (slots_21)
│   │   │       │   │   ├── IssueSlot_24 (slots_22)
│   │   │       │   │   ├── IssueSlot_24 (slots_23)
│   │   │       │   │   ├── IssueSlot_24 (slots_24)
│   │   │       │   │   ├── IssueSlot_24 (slots_25)
│   │   │       │   │   ├── IssueSlot_24 (slots_26)
│   │   │       │   │   ├── IssueSlot_24 (slots_27)
│   │   │       │   │   ├── IssueSlot_24 (slots_28)
│   │   │       │   │   ├── IssueSlot_24 (slots_29)
│   │   │       │   │   ├── IssueSlot_24 (slots_30)
│   │   │       │   │   └── IssueSlot_24 (slots_31)
│   │   │       │   ├── BasicDispatcher (dispatcher)
│   │   │       │   ├── RegisterFileSynthesizable_1 (iregfile)
│   │   │       │   ├── Arbiter_18 (ll_wbarb)
│   │   │       │   ├── RegisterRead_1 (iregister_read)
│   │   │       │   │   ├── RegisterReadDecode_1 (rrd_decode_unit)
│   │   │       │   │   ├── RegisterReadDecode_2 (rrd_decode_unit_1)
│   │   │       │   │   ├── RegisterReadDecode_3 (rrd_decode_unit_2)
│   │   │       │   │   └── RegisterReadDecode_4 (rrd_decode_unit_3)
│   │   │       │   ├── Rob (rob)
│   │   │       │   ├── CSRFile (csr)
│   │   │       │   │   ├── DelayReg_1 (difftest_delayer)
│   │   │       │   │   ├── DummyDPICWrapper_1 (difftest_module)
│   │   │       │   │   │   └── DifftestArchEvent (dpic)
│   │   │       │   │   └── DummyDPICWrapper_2 (difftest_module_1)
│   │   │       │   │       └── DifftestTrapEvent (dpic)
│   │   │       │   ├── Arbiter_19 (ftq_arb)
│   │   │       │   ├── DummyDPICWrapper_3 (difftest_module)
│   │   │       │   │   └── DifftestCSRState (dpic)
│   │   │       │   ├── DummyDPICWrapper_4 (difftest_module_1)
│   │   │       │   │   └── DifftestSnapshotCSRState (dpic)
│   │   │       │   ├── DummyDPICWrapper_5 (difftest_module_2)
│   │   │       │   │   └── DifftestArchIntRegState (dpic)
│   │   │       │   ├── DelayReg_2 (difftest_delayer)
│   │   │       │   ├── DummyDPICWrapper_6 (difftest_module_3)
│   │   │       │   │   └── DifftestInstrCommit (dpic)
│   │   │       │   ├── DelayReg_2 (difftest_delayer_1)
│   │   │       │   ├── DummyDPICWrapper_6 (difftest_module_4)
│   │   │       │   │   └── DifftestInstrCommit (dpic)
│   │   │       │   ├── DelayReg_2 (difftest_delayer_2)
│   │   │       │   └── DummyDPICWrapper_6 (difftest_module_5)
│   │   │       │       └── DifftestInstrCommit (dpic)
│   │   │       ├── LSU (lsu)
│   │   │       │   ├── NBDTLB (dtlb)
│   │   │       │   │   ├── OptimizationBarrier_EntryData (mpu_ppn_data_barrier)
│   │   │       │   │   ├── OptimizationBarrier_EntryData (ppn_data_barrier)
│   │   │       │   │   ├── OptimizationBarrier_EntryData (ppn_data_barrier_1)
│   │   │       │   │   ├── OptimizationBarrier_EntryData (ppn_data_barrier_2)
│   │   │       │   │   ├── OptimizationBarrier_EntryData (ppn_data_barrier_3)
│   │   │       │   │   ├── OptimizationBarrier_EntryData (ppn_data_barrier_4)
│   │   │       │   │   ├── OptimizationBarrier_EntryData (ppn_data_barrier_5)
│   │   │       │   │   ├── OptimizationBarrier_EntryData_7 (entries_barrier)
│   │   │       │   │   ├── OptimizationBarrier_EntryData_7 (entries_barrier_1)
│   │   │       │   │   ├── OptimizationBarrier_EntryData_7 (entries_barrier_2)
│   │   │       │   │   ├── OptimizationBarrier_EntryData_7 (entries_barrier_3)
│   │   │       │   │   ├── OptimizationBarrier_EntryData_7 (entries_barrier_4)
│   │   │       │   │   ├── OptimizationBarrier_EntryData_7 (entries_barrier_5)
│   │   │       │   │   ├── OptimizationBarrier_EntryData_7 (normal_entries_barrier)
│   │   │       │   │   ├── OptimizationBarrier_EntryData_7 (normal_entries_barrier_1)
│   │   │       │   │   ├── OptimizationBarrier_EntryData_7 (normal_entries_barrier_2)
│   │   │       │   │   ├── OptimizationBarrier_EntryData_7 (normal_entries_barrier_3)
│   │   │       │   │   └── OptimizationBarrier_EntryData_7 (normal_entries_barrier_4)
│   │   │       │   └── ForwardingAgeLogic (forwarding_age_logic_0)
│   │   │       ├── PTW (ptw)
│   │   │       │   ├── Arbiter_20 (arb)
│   │   │       │   ├── OptimizationBarrier_UInt (state_barrier)
│   │   │       │   └── OptimizationBarrier_PTE (r_pte_barrier)
│   │   │       └── HellaCacheArbiter (hellaCacheArb)
│   │   ├── FixedClockBroadcast_1 (clockNode)
│   │   ├── TLBuffer_a32d64s4k2z3c_1 (buffer)
│   │   │   ├── Queue_44 (nodeOut_a_q)
│   │   │   ├── Queue_45 (nodeIn_d_q)
│   │   │   ├── Queue_46 (nodeIn_b_q)
│   │   │   ├── Queue_47 (nodeOut_c_q)
│   │   │   └── Queue_48 (nodeOut_e_q)
│   │   └── IntSyncSyncCrossingSink_n1x2 (intsink_1)
│   ├── BundleBridgeNexus_11 (tileHartIdNexusNode)
│   ├── CLINTClockSinkDomain (clint_domain)
│   │   ├── CLINT (clint)
│   │   └── IntSyncCrossingSource_n1x2 (intsource)
│   │       └── AsyncResetRegVec_w2_i0 (reg_)
│   ├── PLICClockSinkDomain (plic_domain)
│   │   └── TLPLIC (plic)
│   │       └── Queue1_RegMapperInput_i23_m8 (out_back_front_q)
│   └── BootROMClockSinkDomain (bootrom_domain)
│       └── TLROM (bootrom)
└── SimAXIMem (mem)
    ├── AXI4RAM (srams)
    │   └── DifftestMem2P (mem)
    │       └── MemRWHelper (helper_0)
    ├── AXI4Xbar (axi4xbar)
    ├── AXI4Buffer (axi4buf)
    │   ├── Queue_51 (nodeOut_aw_deq_q)
    │   ├── Queue_52 (nodeOut_w_deq_q)
    │   ├── Queue_53 (nodeIn_b_deq_q)
    │   ├── Queue_51 (nodeOut_ar_deq_q)
    │   └── Queue_55 (nodeIn_r_deq_q)
    └── AXI4Fragmenter (axi4frag)
        ├── Queue_56 (deq_q)
        ├── Queue_56 (deq_q_1)
        └── Queue_34 (in_w_deq_q)

